Copyright 1986-2015 Xilinx, Inc. All Rights Reserved.
-----------------------------------------------------------------------------------------
| Tool Version      : Vivado v.2015.2 (lin64) Build 1266856 Fri Jun 26 16:35:25 MDT 2015
| Date              : Wed Nov  4 02:31:28 2015
| Host              : asbestos running 64-bit Gentoo Base System release 2.2
| Command           : report_clock_utilization -file nexys4_clock_utilization_routed.rpt
| Design            : nexys4
| Device            : 7a100t-csg324
| Speed File        : -3  PRODUCTION 1.14 2014-09-11
| Temperature Grade : C
-----------------------------------------------------------------------------------------

Clock Utilization Report

Table of Contents
-----------------
1. Clock Primitive Utilization
2. Details of Global Clocks
3. Details of Regional Clocks
4. Details of Multi-Regional Clocks
5. Details of I/O Clocks
6. Details of Local Clocks
7. Clock Regions : Key Resource Utilization
8. Net wise resources used in clock region X0Y1
9. Net wise resources used in clock region X0Y2
10. Net wise resources used in clock region X1Y2

1. Clock Primitive Utilization
------------------------------

+-------+------+-----------+-----------+
| Type  | Used | Available | Num Fixed |
+-------+------+-----------+-----------+
| BUFG  |    3 |        32 |         0 |
| BUFH  |    0 |        96 |         0 |
| BUFIO |    0 |        24 |         0 |
| MMCM  |    0 |         6 |         0 |
| PLL   |    1 |         6 |         0 |
| BUFR  |    0 |        24 |         0 |
| BUFMR |    0 |        12 |         0 |
+-------+------+-----------+-----------+


2. Details of Global Clocks
---------------------------

+-------+------------------------------------+---------------------------------------------+--------------+-------+
|       |                                    |                                             |   Num Loads  |       |
+-------+------------------------------------+---------------------------------------------+------+-------+-------+
| Index | BUFG Cell                          | Net Name                                    | BELs | Sites | Fixed |
+-------+------------------------------------+---------------------------------------------+------+-------+-------+
|     1 | clocks/someclocks/inst/clkout2_buf | clocks/someclocks/inst/bclk                 |    1 |     1 |    no |
|     2 | clocks/someclocks/inst/clkf_buf    | clocks/someclocks/inst/clkfbout_buf_clkgen0 |    1 |     1 |    no |
|     3 | clocks/someclocks/inst/clkout1_buf | clocks/someclocks/inst/mclk                 |   58 |    21 |    no |
+-------+------------------------------------+---------------------------------------------+------+-------+-------+


+-------+---------------------------------------+-----------------------------------------+--------------+-------+
|       |                                       |                                         |   Num Loads  |       |
+-------+---------------------------------------+-----------------------------------------+------+-------+-------+
| Index | PLL Cell                              | Net Name                                | BELs | Sites | Fixed |
+-------+---------------------------------------+-----------------------------------------+------+-------+-------+
|     1 | clocks/someclocks/inst/plle2_adv_inst | clocks/someclocks/inst/bclk_clkgen0     |    1 |     1 |    no |
|     2 | clocks/someclocks/inst/plle2_adv_inst | clocks/someclocks/inst/clkfbout_clkgen0 |    1 |     1 |    no |
|     3 | clocks/someclocks/inst/plle2_adv_inst | clocks/someclocks/inst/mclk_clkgen0     |    1 |     1 |    no |
+-------+---------------------------------------+-----------------------------------------+------+-------+-------+


3. Details of Regional Clocks
-----------------------------

4. Details of Multi-Regional Clocks
-----------------------------------

5. Details of I/O Clocks
------------------------

6. Details of Local Clocks
--------------------------

+-------+------------------------------------+--------------------------------+--------------+-------+
|       |                                    |                                |   Num Loads  |       |
+-------+------------------------------------+--------------------------------+------+-------+-------+
| Index | Local Clk Src                      | Net Name                       | BELs | Sites | Fixed |
+-------+------------------------------------+--------------------------------+------+-------+-------+
|     1 | clocks/serialclkgen/output_reg_reg | clocks/serialclkgen/JA_OBUF[0] |   26 |     7 |    no |
+-------+------------------------------------+--------------------------------+------+-------+-------+


7. Clock Regions : Key Resource Utilization
-------------------------------------------

+-------------------+--------------+--------------+--------------+--------------+--------------+--------------+--------------+--------------+--------------+--------------+--------------+--------------+--------------+--------------+--------------+
|                   | Global Clock |     BUFRs    |    BUFMRs    |    BUFIOs    |     MMCM     |      PLL     |      GT      |      PCI     |    ILOGIC    |    OLOGIC    |      FF      |     LUTM     |    RAMB18    |    RAMB36    |    DSP48E1   |
+-------------------+------+-------+------+-------+------+-------+------+-------+------+-------+------+-------+------+-------+------+-------+------+-------+------+-------+------+-------+------+-------+------+-------+------+-------+------+-------+
| Clock Region Name | Used | Avail | Used | Avail | Used | Avail | Used | Avail | Used | Avail | Used | Avail | Used | Avail | Used | Avail | Used | Avail | Used | Avail | Used | Avail | Used | Avail | Used | Avail | Used | Avail | Used | Avail |
+-------------------+------+-------+------+-------+------+-------+------+-------+------+-------+------+-------+------+-------+------+-------+------+-------+------+-------+------+-------+------+-------+------+-------+------+-------+------+-------+
| X0Y0              |    0 |    12 |    0 |     4 |    0 |     2 |    0 |     4 |    0 |     1 |    0 |     1 |    0 |     0 |    0 |     0 |    0 |    50 |    0 |    50 |    0 | 20800 |    0 |  2400 |    0 |    20 |    0 |    10 |    0 |    20 |
| X1Y0              |    0 |    12 |    0 |     0 |    0 |     0 |    0 |     0 |    0 |     0 |    0 |     0 |    0 |     5 |    0 |     0 |    0 |     0 |    0 |     0 |    0 | 12000 |    0 |  2200 |    0 |    40 |    0 |    20 |    0 |    40 |
| X0Y1              |    1 |    12 |    0 |     4 |    0 |     2 |    0 |     4 |    0 |     1 |    0 |     1 |    0 |     0 |    0 |     0 |    0 |    50 |    0 |    50 |   72 | 16000 |    0 |  2400 |    0 |    20 |    0 |    10 |    0 |    20 |
| X1Y1              |    0 |    12 |    0 |     4 |    0 |     2 |    0 |     4 |    0 |     1 |    0 |     1 |    0 |     0 |    0 |     0 |    0 |    50 |    0 |    50 |    0 | 15200 |    0 |  2600 |    0 |    60 |    0 |    30 |    0 |    40 |
| X0Y2              |    2 |    12 |    0 |     4 |    0 |     2 |    0 |     4 |    0 |     1 |    0 |     1 |    0 |     0 |    0 |     0 |    0 |    50 |    0 |    50 |    9 | 16000 |    0 |  2400 |    0 |    20 |    0 |    10 |    0 |    20 |
| X1Y2              |    1 |    12 |    0 |     4 |    0 |     2 |    0 |     4 |    0 |     1 |    1 |     1 |    0 |     0 |    0 |     0 |    0 |    50 |    0 |    50 |    0 | 15200 |    0 |  2600 |    0 |    60 |    0 |    30 |    0 |    40 |
| X0Y3              |    0 |    12 |    0 |     4 |    0 |     2 |    0 |     4 |    0 |     1 |    0 |     1 |    0 |     0 |    0 |     0 |    0 |    50 |    0 |    50 |    0 | 20800 |    0 |  2400 |    0 |    20 |    0 |    10 |    0 |    20 |
| X1Y3              |    0 |    12 |    0 |     0 |    0 |     0 |    0 |     0 |    0 |     0 |    0 |     0 |    0 |     5 |    0 |     1 |    0 |     0 |    0 |     0 |    0 | 10800 |    0 |  2000 |    0 |    30 |    0 |    15 |    0 |    40 |
+-------------------+------+-------+------+-------+------+-------+------+-------+------+-------+------+-------+------+-------+------+-------+------+-------+------+-------+------+-------+------+-------+------+-------+------+-------+------+-------+
* RAMB36 site can be used as two RAMB18/FIFO18 sites.


8. Net wise resources used in clock region X0Y1
-----------------------------------------------

+-------------+--------------+-------+-----------+----------+---------+-----------+---------+---------+-----+-------+----------+-----------------------------+
| Source Type | BUFHCE Site  | Fixed | MMCM Pins | PLL Pins | GT Pins | BRAM Pins | ILOGICs | OLOGICs | FFs | LUTMs | DSP48E1s |        Clock Net Name       |
+-------------+--------------+-------+-----------+----------+---------+-----------+---------+---------+-----+-------+----------+-----------------------------+
| BUFG        | BUFHCE_X0Y20 |   no  |         0 |        0 |       0 |         0 |       0 |       0 |  48 |     0 |        0 | clocks/someclocks/inst/mclk |
+-------------+--------------+-------+-----------+----------+---------+-----------+---------+---------+-----+-------+----------+-----------------------------+


9. Net wise resources used in clock region X0Y2
-----------------------------------------------

+-------------+--------------+-------+-----------+----------+---------+-----------+---------+---------+-----+-------+----------+-----------------------------+
| Source Type | BUFHCE Site  | Fixed | MMCM Pins | PLL Pins | GT Pins | BRAM Pins | ILOGICs | OLOGICs | FFs | LUTMs | DSP48E1s |        Clock Net Name       |
+-------------+--------------+-------+-----------+----------+---------+-----------+---------+---------+-----+-------+----------+-----------------------------+
| BUFG        | BUFHCE_X0Y32 |   no  |         0 |        0 |       0 |         0 |       0 |       0 |   9 |     0 |        0 | clocks/someclocks/inst/mclk |
+-------------+--------------+-------+-----------+----------+---------+-----------+---------+---------+-----+-------+----------+-----------------------------+


10. Net wise resources used in clock region X1Y2
------------------------------------------------

+-------------+--------------+-------+-----------+----------+---------+-----------+---------+---------+-----+-------+----------+---------------------------------------------+
| Source Type | BUFHCE Site  | Fixed | MMCM Pins | PLL Pins | GT Pins | BRAM Pins | ILOGICs | OLOGICs | FFs | LUTMs | DSP48E1s |                Clock Net Name               |
+-------------+--------------+-------+-----------+----------+---------+-----------+---------+---------+-----+-------+----------+---------------------------------------------+
| BUFG        | BUFHCE_X1Y24 |   no  |         0 |        1 |       0 |         0 |       0 |       0 |   0 |     0 |        0 | clocks/someclocks/inst/clkfbout_buf_clkgen0 |
+-------------+--------------+-------+-----------+----------+---------+-----------+---------+---------+-----+-------+----------+---------------------------------------------+



# Location of BUFG Primitives 
set_property LOC BUFGCTRL_X0Y17 [get_cells clocks/someclocks/inst/clkout2_buf]
set_property LOC BUFGCTRL_X0Y18 [get_cells clocks/someclocks/inst/clkf_buf]
set_property LOC BUFGCTRL_X0Y16 [get_cells clocks/someclocks/inst/clkout1_buf]

# Location of IO Clock Primitives

# Location of MMCM Clock Primitives

# Location of BUFH Clock Primitives

# Location of BUFR Clock Primitives

# Location of BUFMR Clock Primitives

# Location of PLL Clock Primitives
set_property LOC PLLE2_ADV_X1Y2 [get_cells clocks/someclocks/inst/plle2_adv_inst]

# Location of IO Primitives which is load of clock spine
set_property LOC IOB_X0Y109 [get_cells JA_OBUF[1]_inst]
set_property LOC IOB_X0Y108 [get_cells JA_OBUF[3]_inst]
set_property LOC IOB_X0Y118 [get_cells JA_OBUF[8]_inst]

# Location of clock ports
set_property LOC IOB_X1Y126 [get_ports CLK100MHZ]

# Clock net "clocks/serialclkgen/JA_OBUF[0]" driven by instance "clocks/serialclkgen/output_reg_reg" located at site "SLICE_X1Y75"
#startgroup
create_pblock {CLKAG_clocks/serialclkgen/JA_OBUF[0]}
add_cells_to_pblock [get_pblocks  {CLKAG_clocks/serialclkgen/JA_OBUF[0]}] [get_cells -filter { PRIMITIVE_GROUP != I/O && IS_PRIMITIVE==1 && PRIMITIVE_LEVEL !=INTERNAL && NAME!=JA_OBUF[8]_inst} -of_object [get_pins -filter {DIRECTION==IN} -of_objects [get_nets -hierarchical -filter {PARENT=="clocks/serialclkgen/JA_OBUF[0]"}]]]
resize_pblock [get_pblocks {CLKAG_clocks/serialclkgen/JA_OBUF[0]}] -add {CLOCKREGION_X0Y1:CLOCKREGION_X0Y1}
#endgroup

# Clock net "clocks/someclocks/inst/mclk" driven by instance "clocks/someclocks/inst/clkout1_buf" located at site "BUFGCTRL_X0Y16"
#startgroup
create_pblock {CLKAG_clocks/someclocks/inst/mclk}
add_cells_to_pblock [get_pblocks  {CLKAG_clocks/someclocks/inst/mclk}] [get_cells -filter { PRIMITIVE_GROUP != I/O && IS_PRIMITIVE==1 && PRIMITIVE_LEVEL !=INTERNAL && NAME!=JA_OBUF[1]_inst} -of_object [get_pins -filter {DIRECTION==IN} -of_objects [get_nets -hierarchical -filter {PARENT=="clocks/someclocks/inst/mclk"}]]]
resize_pblock [get_pblocks {CLKAG_clocks/someclocks/inst/mclk}] -add {CLOCKREGION_X0Y1:CLOCKREGION_X0Y1 CLOCKREGION_X0Y2:CLOCKREGION_X0Y2}
#endgroup
